This is pdfTeX, Version 3.14159265-2.6-1.40.17 (MiKTeX 2.9.6210 64-bit) (preloaded format=pdflatex 2017.2.10)  17 DEC 2017 00:10
entering extended mode
**./AdaptiveMutex.tex
(AdaptiveMutex.tex
LaTeX2e <2017/01/01> patch level 1
Babel <3.9r> and hyphenation patterns for 75 language(s) loaded.
(svjour3.cls
Document Class: svjour3 2007/05/08 v3.2 
LaTeX document class for Springer journals
("C:\Program Files\MiKTeX 2.9\tex\latex\base\fleqn.clo"
File: fleqn.clo 2016/12/29 v1.2a Standard LaTeX option (flush left equations)
\mathindent=\dimen102
Applying: [2015/01/01] Make \[ robust on input line 50.
LaTeX Info: Redefining \[ on input line 51.
Already applied: [0000/00/00] Make \[ robust on input line 62.
Applying: [2015/01/01] Make \] robust on input line 74.
LaTeX Info: Redefining \] on input line 75.
Already applied: [0000/00/00] Make \] robust on input line 83.
)
Class Springer-SVJour3 Info: extra/valid Springer sub-package (-> *.clo) 
(Springer-SVJour3)           not found in option list of \documentclass
(Springer-SVJour3)           - autoactivating "global" style.
 (svglov3.clo
File: svglov3.clo 2009/12/18 v3.2 style option for standardised journals

SVJour Class option: svglov3.clo for standardised journals
)
LaTeX Font Info:    Redeclaring math symbol \Gamma on input line 147.
LaTeX Font Info:    Redeclaring math symbol \Delta on input line 148.
LaTeX Font Info:    Redeclaring math symbol \Theta on input line 149.
LaTeX Font Info:    Redeclaring math symbol \Lambda on input line 150.
LaTeX Font Info:    Redeclaring math symbol \Xi on input line 151.
LaTeX Font Info:    Redeclaring math symbol \Pi on input line 152.
LaTeX Font Info:    Redeclaring math symbol \Sigma on input line 153.
LaTeX Font Info:    Redeclaring math symbol \Upsilon on input line 154.
LaTeX Font Info:    Redeclaring math symbol \Phi on input line 155.
LaTeX Font Info:    Redeclaring math symbol \Psi on input line 156.
LaTeX Font Info:    Redeclaring math symbol \Omega on input line 157.
\logodepth=\dimen103
\headerboxheight=\dimen104
\betweenumberspace=\dimen105
\aftertext=\dimen106
\headlineindent=\dimen107
\c@inst=\count79
\c@auth=\count80
\instindent=\dimen108
\authrun=\box26
\authorrunning=\toks14
\titrun=\box27
\titlerunning=\toks15
\combirun=\box28
\c@lastpage=\count81
\rubricwidth=\dimen109
\c@section=\count82
\c@subsection=\count83
\c@subsubsection=\count84
\c@paragraph=\count85
\c@subparagraph=\count86
\spthmsep=\dimen110
\c@theorem=\count87
\c@case=\count88
\c@conjecture=\count89
\c@corollary=\count90
\c@definition=\count91
\c@example=\count92
\c@exercise=\count93
\c@lemma=\count94
\c@note=\count95
\c@problem=\count96
\c@property=\count97
\c@proposition=\count98
\c@question=\count99
\c@solution=\count100
\c@remark=\count101
\c@figure=\count102
\c@table=\count103
\abovecaptionskip=\skip41
\belowcaptionskip=\skip42
\figcapgap=\dimen111
\tabcapgap=\dimen112
\figgap=\dimen113
\bibindent=\dimen114
\@tempcntc=\count104
) ("C:\Program Files\MiKTeX 2.9\tex\latex\graphics\graphicx.sty"
Package: graphicx 2014/10/28 v1.0g Enhanced LaTeX Graphics (DPC,SPQR)

("C:\Program Files\MiKTeX 2.9\tex\latex\graphics\keyval.sty"
Package: keyval 2014/10/28 v1.15 key=value parser (DPC)
\KV@toks@=\toks16
)
("C:\Program Files\MiKTeX 2.9\tex\latex\graphics\graphics.sty"
Package: graphics 2016/10/09 v1.0u Standard LaTeX Graphics (DPC,SPQR)

("C:\Program Files\MiKTeX 2.9\tex\latex\graphics\trig.sty"
Package: trig 2016/01/03 v1.10 sin cos tan (DPC)
)
("C:\Program Files\MiKTeX 2.9\tex\latex\graphics-cfg\graphics.cfg"
File: graphics.cfg 2016/06/04 v1.11 sample graphics configuration
)
Package graphics Info: Driver file: pdftex.def on input line 99.

("C:\Program Files\MiKTeX 2.9\tex\latex\graphics-def\pdftex.def"
File: pdftex.def 2017/01/12 v0.06k Graphics/color for pdfTeX

("C:\Program Files\MiKTeX 2.9\tex\generic\oberdiek\infwarerr.sty"
Package: infwarerr 2016/05/16 v1.4 Providing info/warning/error messages (HO)
)
("C:\Program Files\MiKTeX 2.9\tex\generic\oberdiek\ltxcmds.sty"
Package: ltxcmds 2016/05/16 v1.23 LaTeX kernel commands for general use (HO)
)
\Gread@gobject=\count105
))
\Gin@req@height=\dimen115
\Gin@req@width=\dimen116
)
("C:\Program Files\MiKTeX 2.9\tex\latex\amsmath\amsmath.sty"
Package: amsmath 2016/11/05 v2.16a AMS math features
\@mathmargin=\skip43

For additional information on amsmath, use the `?' option.
("C:\Program Files\MiKTeX 2.9\tex\latex\amsmath\amstext.sty"
Package: amstext 2000/06/29 v2.01 AMS text

("C:\Program Files\MiKTeX 2.9\tex\latex\amsmath\amsgen.sty"
File: amsgen.sty 1999/11/30 v2.0 generic functions
\@emptytoks=\toks17
\ex@=\dimen117
))
("C:\Program Files\MiKTeX 2.9\tex\latex\amsmath\amsbsy.sty"
Package: amsbsy 1999/11/29 v1.2d Bold Symbols
\pmbraise@=\dimen118
)
("C:\Program Files\MiKTeX 2.9\tex\latex\amsmath\amsopn.sty"
Package: amsopn 2016/03/08 v2.02 operator names
)
\inf@bad=\count106
LaTeX Info: Redefining \frac on input line 213.
\uproot@=\count107
\leftroot@=\count108
LaTeX Info: Redefining \overline on input line 375.
\classnum@=\count109
\DOTSCASE@=\count110
LaTeX Info: Redefining \ldots on input line 472.
LaTeX Info: Redefining \dots on input line 475.
LaTeX Info: Redefining \cdots on input line 596.
\Mathstrutbox@=\box29
\strutbox@=\box30
\big@size=\dimen119
LaTeX Font Info:    Redeclaring font encoding OML on input line 712.
LaTeX Font Info:    Redeclaring font encoding OMS on input line 713.


Package amsmath Warning: Unable to redefine math accent \vec.

\macc@depth=\count111
\c@MaxMatrixCols=\count112
\dotsspace@=\muskip10
\c@parentequation=\count113
\dspbrk@lvl=\count114
\tag@help=\toks18
\row@=\count115
\column@=\count116
\maxfields@=\count117
\andhelp@=\toks19
\eqnshift@=\dimen120
\alignsep@=\dimen121
\tagshift@=\dimen122
\tagwidth@=\dimen123
\totwidth@=\dimen124
\lineht@=\dimen125
\@envbody=\toks20
\multlinegap=\skip44
\multlinetaggap=\skip45
\mathdisplay@stack=\toks21
LaTeX Info: Redefining \[ on input line 2817.
LaTeX Info: Redefining \] on input line 2818.
) ("C:\Program Files\MiKTeX 2.9\tex\latex\amsfonts\amssymb.sty"
Package: amssymb 2013/01/14 v3.01 AMS font symbols

("C:\Program Files\MiKTeX 2.9\tex\latex\amsfonts\amsfonts.sty"
Package: amsfonts 2013/01/14 v3.01 Basic AMSFonts support
\symAMSa=\mathgroup4
\symAMSb=\mathgroup5
LaTeX Font Info:    Overwriting math alphabet `\mathfrak' in version `bold'
(Font)                  U/euf/m/n --> U/euf/b/n on input line 106.
))
("C:\Program Files\MiKTeX 2.9\tex\latex\amscls\amsthm.sty"
Package: amsthm 2015/03/04 v2.20.2
\thm@style=\toks22
\thm@bodyfont=\toks23
\thm@headfont=\toks24
\thm@notefont=\toks25
\thm@headpunct=\toks26
\thm@preskip=\skip46
\thm@postskip=\skip47
\thm@headsep=\skip48
\dth@everypar=\toks27
LaTeX Info: Redefining \qed on input line 264.
)
("C:\Program Files\MiKTeX 2.9\tex\latex\algorithms\algorithm.sty"
Package: algorithm 2009/08/24 v0.1 Document Style `algorithm' - floating enviro
nment

("C:\Program Files\MiKTeX 2.9\tex\latex\float\float.sty"
Package: float 2001/11/08 v1.3d Float enhancements (AL)
\c@float@type=\count118
\float@exts=\toks28
\float@box=\box31
\@float@everytoks=\toks29
\@floatcapt=\box32
)
("C:\Program Files\MiKTeX 2.9\tex\latex\base\ifthen.sty"
Package: ifthen 2014/09/29 v1.1c Standard LaTeX ifthen package (DPC)
)
\@float@every@algorithm=\toks30
\c@algorithm=\count119
)
("C:\Program Files\MiKTeX 2.9\tex\latex\algorithmicx\algpseudocode.sty"
Package: algpseudocode 

("C:\Program Files\MiKTeX 2.9\tex\latex\algorithmicx\algorithmicx.sty"
Package: algorithmicx 2005/04/27 v1.2 Algorithmicx

Document Style algorithmicx 1.2 - a greatly improved `algorithmic' style
\c@ALG@line=\count120
\c@ALG@rem=\count121
\c@ALG@nested=\count122
\ALG@tlm=\skip49
\ALG@thistlm=\skip50
\c@ALG@Lnr=\count123
\c@ALG@blocknr=\count124
\c@ALG@storecount=\count125
\c@ALG@tmpcounter=\count126
\ALG@tmplength=\skip51
)
Document Style - pseudocode environments for use with the `algorithmicx' style
) ("C:\Program Files\MiKTeX 2.9\tex\latex\caption\caption.sty"
Package: caption 2016/02/21 v3.3-144 Customizing captions (AR)

("C:\Program Files\MiKTeX 2.9\tex\latex\caption\caption3.sty"
Package: caption3 2016/05/22 v1.7-166 caption3 kernel (AR)
Package caption3 Info: TeX engine: e-TeX on input line 67.
\captionmargin=\dimen126
\captionmargin@=\dimen127
\captionwidth=\dimen128
\caption@tempdima=\dimen129
\caption@indent=\dimen130
\caption@parindent=\dimen131
\caption@hangindent=\dimen132
Package caption Info: Unknown document class (or package),
(caption)             standard defaults will be used.
)

Package caption Warning: Unsupported document class (or package) detected,
(caption)                usage of the caption package is not recommended.
See the caption package documentation for explanation.

Package caption Info: \@makecaption = \long macro:#1#2->\captionstyle \ifx \@ca
ptype \fig@type \vskip \figcapgap \fi \setbox \@tempboxa \hbox {{\floatlegendst
yle #1\floatcounterend }\capstrut #2}\ifdim \wd \@tempboxa >\hsize {\floatlegen
dstyle #1\floatcounterend }\capstrut #2\par \else \hbox to\hsize {\leftlegendgl
ue \unhbox \@tempboxa \hfil }\fi \ifx \@captype \fig@type \else \vskip \tabcapg
ap \fi .
\c@ContinuedFloat=\count127
Package caption Info: float package is loaded.
) ("C:\Program Files\MiKTeX 2.9\tex\latex\appendix\appendix.sty"
Package: appendix 2009/09/02 v1.2b extra appendix facilities
\c@@pps=\count128
\c@@ppsavesec=\count129
\c@@ppsaveapp=\count130
)
("C:\Program Files\MiKTeX 2.9\tex\latex\tools\multicol.sty"
Package: multicol 2016/04/07 v1.8p multicolumn formatting (FMi)
\c@tracingmulticols=\count131


Package multicol Warning: May not work with the twocolumn option on input line 
134.

\mult@box=\box33
\multicol@leftmargin=\dimen133
\c@unbalance=\count132
\c@collectmore=\count133
\doublecol@number=\count134
\multicoltolerance=\count135
\multicolpretolerance=\count136
\full@width=\dimen134
\page@free=\dimen135
\premulticols=\dimen136
\postmulticols=\dimen137
\multicolsep=\skip52
\multicolbaselineskip=\skip53
\partial@page=\box34
\last@line=\box35
\maxbalancingoverflow=\dimen138
\mult@rightbox=\box36
\mult@grightbox=\box37
\mult@gfirstbox=\box38
\mult@firstbox=\box39
\@tempa=\box40
\@tempa=\box41
\@tempa=\box42
\@tempa=\box43
\@tempa=\box44
\@tempa=\box45
\@tempa=\box46
\@tempa=\box47
\@tempa=\box48
\@tempa=\box49
\@tempa=\box50
\@tempa=\box51
\@tempa=\box52
\@tempa=\box53
\@tempa=\box54
\@tempa=\box55
\@tempa=\box56
\c@columnbadness=\count137
\c@finalcolumnbadness=\count138
\last@try=\dimen139
\multicolovershoot=\dimen140
\multicolundershoot=\dimen141
\mult@nat@firstbox=\box57
\colbreak@box=\box58
\mc@col@check@num=\count139
) ("C:\Program Files\MiKTeX 2.9\tex\latex\tools\enumerate.sty"
Package: enumerate 2015/07/23 v3.00 enumerate extensions (DPC)
\@enLab=\toks31
)
("C:\Program Files\MiKTeX 2.9\tex\latex\paralist\paralist.sty"
Package: paralist 2017/01/22 v2.7 Extended list environments
\pltopsep=\skip54
\plpartopsep=\skip55
\plitemsep=\skip56
\plparsep=\skip57
\pl@lab=\toks32
)
("C:\Program Files\MiKTeX 2.9\tex\latex\breqn\breqn.sty"
("C:\Program Files\MiKTeX 2.9\tex\latex\l3kernel\expl3.sty"
Package: expl3 2017/09/18 L3 programming layer (loader) 

("C:\Program Files\MiKTeX 2.9\tex\latex\l3kernel\expl3-code.tex"
Package: expl3 2017/09/18 L3 programming layer (code)
\c_max_int=\count140
\l_tmpa_int=\count141
\l_tmpb_int=\count142
\g_tmpa_int=\count143
\g_tmpb_int=\count144
\g__intarray_font_int=\count145
\g__prg_map_int=\count146
\c_log_iow=\count147
\l_iow_line_count_int=\count148
\l__iow_line_target_int=\count149
\l__iow_one_indent_int=\count150
\l__iow_indent_int=\count151
\c_zero_dim=\dimen142
\c_max_dim=\dimen143
\l_tmpa_dim=\dimen144
\l_tmpb_dim=\dimen145
\g_tmpa_dim=\dimen146
\g_tmpb_dim=\dimen147
\c_zero_skip=\skip58
\c_max_skip=\skip59
\l_tmpa_skip=\skip60
\l_tmpb_skip=\skip61
\g_tmpa_skip=\skip62
\g_tmpb_skip=\skip63
\c_zero_muskip=\muskip11
\c_max_muskip=\muskip12
\l_tmpa_muskip=\muskip13
\l_tmpb_muskip=\muskip14
\g_tmpa_muskip=\muskip15
\g_tmpb_muskip=\muskip16
\l_keys_choice_int=\count152
\c__fp_leading_shift_int=\count153
\c__fp_middle_shift_int=\count154
\c__fp_trailing_shift_int=\count155
\c__fp_big_leading_shift_int=\count156
\c__fp_big_middle_shift_int=\count157
\c__fp_big_trailing_shift_int=\count158
\c__fp_Bigg_leading_shift_int=\count159
\c__fp_Bigg_middle_shift_int=\count160
\c__fp_Bigg_trailing_shift_int=\count161
\c__fp_rand_size_int=\count162
\c__fp_rand_four_int=\count163
\c__fp_rand_eight_int=\count164
\l__sort_length_int=\count165
\l__sort_min_int=\count166
\l__sort_top_int=\count167
\l__sort_max_int=\count168
\l__sort_true_max_int=\count169
\l__sort_block_int=\count170
\l__sort_begin_int=\count171
\l__sort_end_int=\count172
\l__sort_A_int=\count173
\l__sort_B_int=\count174
\l__sort_C_int=\count175
\l__tl_build_start_index_int=\count176
\l__tl_build_index_int=\count177
\l__tl_analysis_normal_int=\count178
\l__tl_analysis_index_int=\count179
\l__tl_analysis_nesting_int=\count180
\l__tl_analysis_type_int=\count181
\l__regex_internal_a_int=\count182
\l__regex_internal_b_int=\count183
\l__regex_internal_c_int=\count184
\l__regex_balance_int=\count185
\l__regex_group_level_int=\count186
\l__regex_mode_int=\count187
\c__regex_cs_in_class_mode_int=\count188
\c__regex_cs_mode_int=\count189
\l__regex_catcodes_int=\count190
\l__regex_default_catcodes_int=\count191
\c__regex_catcode_D_int=\count192
\c__regex_catcode_S_int=\count193
\c__regex_catcode_L_int=\count194
\c__regex_catcode_O_int=\count195
\c__regex_catcode_A_int=\count196
\c__regex_all_catcodes_int=\count197
\l__regex_show_lines_int=\count198
\l__regex_min_state_int=\count199
\l__regex_max_state_int=\count266
\l__regex_left_state_int=\count267
\l__regex_right_state_int=\count268
\l__regex_capturing_group_int=\count269
\l__regex_min_pos_int=\count270
\l__regex_max_pos_int=\count271
\l__regex_curr_pos_int=\count272
\l__regex_start_pos_int=\count273
\l__regex_success_pos_int=\count274
\l__regex_curr_char_int=\count275
\l__regex_curr_catcode_int=\count276
\l__regex_last_char_int=\count277
\l__regex_case_changed_char_int=\count278
\l__regex_curr_state_int=\count279
\l__regex_step_int=\count280
\l__regex_min_active_int=\count281
\l__regex_max_active_int=\count282
\l__regex_replacement_csnames_int=\count283
\l__regex_match_count_int=\count284
\l__regex_min_submatch_int=\count285
\l__regex_submatch_int=\count286
\l__regex_zeroth_submatch_int=\count287
\g__debug_trace_regex_int=\count288
\c_empty_box=\box59
\l_tmpa_box=\box60
\l_tmpb_box=\box61
\g_tmpa_box=\box62
\g_tmpb_box=\box63
\l__box_top_dim=\dimen148
\l__box_bottom_dim=\dimen149
\l__box_left_dim=\dimen150
\l__box_right_dim=\dimen151
\l__box_top_new_dim=\dimen152
\l__box_bottom_new_dim=\dimen153
\l__box_left_new_dim=\dimen154
\l__box_right_new_dim=\dimen155
\l__box_internal_box=\box64
\l__coffin_internal_box=\box65
\l__coffin_internal_dim=\dimen156
\l__coffin_offset_x_dim=\dimen157
\l__coffin_offset_y_dim=\dimen158
\l__coffin_x_dim=\dimen159
\l__coffin_y_dim=\dimen160
\l__coffin_x_prime_dim=\dimen161
\l__coffin_y_prime_dim=\dimen162
\c_empty_coffin=\box66
\l__coffin_aligned_coffin=\box67
\l__coffin_aligned_internal_coffin=\box68
\l_tmpa_coffin=\box69
\l_tmpb_coffin=\box70
\l__coffin_display_coffin=\box71
\l__coffin_display_coord_coffin=\box72
\l__coffin_display_pole_coffin=\box73
\l__coffin_display_offset_dim=\dimen163
\l__coffin_display_x_dim=\dimen164
\l__coffin_display_y_dim=\dimen165
\l__coffin_bounding_shift_dim=\dimen166
\l__coffin_left_corner_dim=\dimen167
\l__coffin_right_corner_dim=\dimen168
\l__coffin_bottom_corner_dim=\dimen169
\l__coffin_top_corner_dim=\dimen170
\l__coffin_scaled_total_height_dim=\dimen171
\l__coffin_scaled_width_dim=\dimen172
)
("C:\Program Files\MiKTeX 2.9\tex\latex\l3kernel\l3pdfmode.def"
File: l3pdfmode.def 2017/03/18 v L3 Experimental driver: PDF mode
\l__driver_color_stack_int=\count289
\l__driver_tmp_box=\box74
))
Package: breqn 2017/01/27 v0.98e Breaking equations

("C:\Program Files\MiKTeX 2.9\tex\latex\breqn\flexisym.sty"
Package: flexisym 2017/01/27 v0.98e Make math characters macros
LaTeX Info: Redefining \textprime on input line 300.
LaTeX Info: Redefining \not on input line 358.

("C:\Program Files\MiKTeX 2.9\tex\latex\breqn\cmbase.sym"
File: cmbase.sym 2007/12/19 v0.92
LaTeX Info: Redefining \hbar on input line 325.
LaTeX Info: Redefining \surd on input line 327.
LaTeX Info: Redefining \angle on input line 335.
LaTeX Info: Redefining \neq on input line 336.
LaTeX Info: Redefining \mapsto on input line 337.
LaTeX Info: Redefining \cong on input line 338.
LaTeX Info: Redefining \notin on input line 341.
LaTeX Info: Redefining \rightleftharpoons on input line 342.
LaTeX Info: Redefining \doteq on input line 343.
LaTeX Info: Redefining \hookrightarrow on input line 344.
LaTeX Info: Redefining \hookleftarrow on input line 345.
LaTeX Info: Redefining \bowtie on input line 346.
LaTeX Info: Redefining \models on input line 347.
LaTeX Info: Redefining \Longrightarrow on input line 348.
LaTeX Info: Redefining \longrightarrow on input line 349.
LaTeX Info: Redefining \Longleftarrow on input line 350.
LaTeX Info: Redefining \longleftarrow on input line 351.
LaTeX Info: Redefining \longmapsto on input line 352.
LaTeX Info: Redefining \longleftrightarrow on input line 353.
LaTeX Info: Redefining \Longleftrightarrow on input line 354.
LaTeX Info: Redefining \cdots on input line 358.
LaTeX Info: Redefining \vdots on input line 361.
LaTeX Info: Redefining \ddots on input line 366.
)
("C:\Program Files\MiKTeX 2.9\tex\latex\breqn\mathstyle.sty"
Package: mathstyle 2017/01/27 0.98e Tracking mathstyle implicitly
LaTeX Info: Redefining \displaystyle on input line 93.
LaTeX Info: Redefining \textstyle on input line 95.
LaTeX Info: Redefining \scriptstyle on input line 97.
LaTeX Info: Redefining \scriptscriptstyle on input line 99.
LaTeX Info: Redefining \genfrac on input line 145.
))
("C:\Program Files\MiKTeX 2.9\tex\latex\tools\calc.sty"
Package: calc 2014/10/28 v4.3 Infix arithmetic (KKT,FJ)
\calc@Acount=\count290
\calc@Bcount=\count291
\calc@Adimen=\dimen173
\calc@Bdimen=\dimen174
\calc@Askip=\skip64
\calc@Bskip=\skip65
LaTeX Info: Redefining \setlength on input line 80.
LaTeX Info: Redefining \addtolength on input line 81.
\calc@Ccount=\count292
\calc@Cskip=\skip66
)
\inf@bad=\count293
\maxint=\count294
\listwidth=\dimen175
\eqnumsep=\dimen176
\eqmargin=\dimen177
\eqlinespacing=\skip67
\eqlineskip=\skip68
\eqlineskiplimit=\dimen178
\eqbinoffset=\muskip17
\eqdelimoffset=\muskip18
\eqindentstep=\dimen179
\eqstyle=\toks33
\eqbreakdepth=\count295
\eqinterlinepenalty=\count296
\intereqpenalty=\count297
\intereqskip=\skip69
\prerelpenalty=\count298
\prebinoppenalty=\count299
\Dmedmuskip=\muskip19
\Dthickmuskip=\muskip20
\eqleftskip=\skip70
\eqrightskip=\skip71
\eq@vspan=\skip72
\eq@binoffset=\muskip21
\EQ@box=\box75
\EQ@copy=\box76
\EQ@numbox=\box77
\eq@wdNum=\dimen180
\GRP@numbox=\box78
\grp@wdNum=\dimen181
\eq@lines=\count300
\eq@curline=\count301
\eq@badness=\count302
\EQ@vims=\count303
\eq@dp=\dimen182
\eq@wdL=\dimen183
\eq@wdT=\dimen184
\eq@wdMin=\dimen185
\grp@wdL=\dimen186
\grp@wdR=\dimen187
\grp@wdT=\dimen188
\eq@wdRmax=\dimen189
\eq@firstht=\dimen190
\eq@wdCond=\dimen191
\eq@indentstep=\dimen192
\eq@linewidth=\dimen193
\grp@linewidth=\dimen194
\eq@hshift=\dimen195
\eq@given@sidespace=\dimen196
\eq@final@linecount=\count304
\eq@wdR=\dimen197
\EQ@continue=\toks34
\lr@level=\count305
\GRP@queue=\toks35
\GRP@box=\box79
\GRP@wholebox=\box80
\darraycolsep=\skip73
\cur@row=\count306
\cur@col=\count307
\conditionsep=\skip74
)
("C:\Program Files\MiKTeX 2.9\tex\latex\comment\comment.sty"
\CommentStream=\write3

Excluding comment 'comment')
("C:\Program Files\MiKTeX 2.9\tex\latex\todonotes\todonotes.sty"
Package: todonotes 2015/07/09 .dtx Todonotes source and documentation.
Package: todonotes 2012/07/25

("C:\Program Files\MiKTeX 2.9\tex\latex\xkeyval\xkeyval.sty"
Package: xkeyval 2014/12/03 v2.7a package option processing (HA)

("C:\Program Files\MiKTeX 2.9\tex\generic\xkeyval\xkeyval.tex"
("C:\Program Files\MiKTeX 2.9\tex\generic\xkeyval\xkvutils.tex"
\XKV@toks=\toks36
\XKV@tempa@toks=\toks37
)
\XKV@depth=\count308
File: xkeyval.tex 2014/12/03 v2.7a key=value parser (HA)
))
("C:\Program Files\MiKTeX 2.9\tex\latex\xcolor\xcolor.sty"
Package: xcolor 2016/05/11 v2.12 LaTeX color extensions (UK)

("C:\Program Files\MiKTeX 2.9\tex\latex\graphics-cfg\color.cfg"
File: color.cfg 2016/01/02 v1.6 sample color configuration
)
Package xcolor Info: Driver file: pdftex.def on input line 225.
Package xcolor Info: Model `cmy' substituted by `cmy0' on input line 1348.
Package xcolor Info: Model `hsb' substituted by `rgb' on input line 1352.
Package xcolor Info: Model `RGB' extended on input line 1364.
Package xcolor Info: Model `HTML' substituted by `rgb' on input line 1366.
Package xcolor Info: Model `Hsb' substituted by `hsb' on input line 1367.
Package xcolor Info: Model `tHsb' substituted by `hsb' on input line 1368.
Package xcolor Info: Model `HSB' substituted by `hsb' on input line 1369.
Package xcolor Info: Model `Gray' substituted by `gray' on input line 1370.
Package xcolor Info: Model `wave' substituted by `hsb' on input line 1371.
)
("C:\Program Files\MiKTeX 2.9\tex\latex\pgf\frontendlayer\tikz.sty"
("C:\Program Files\MiKTeX 2.9\tex\latex\pgf\basiclayer\pgf.sty"
("C:\Program Files\MiKTeX 2.9\tex\latex\pgf\utilities\pgfrcs.sty"
("C:\Program Files\MiKTeX 2.9\tex\generic\pgf\utilities\pgfutil-common.tex"
\pgfutil@everybye=\toks38
\pgfutil@tempdima=\dimen198
\pgfutil@tempdimb=\dimen199

("C:\Program Files\MiKTeX 2.9\tex\generic\pgf\utilities\pgfutil-common-lists.te
x")) ("C:\Program Files\MiKTeX 2.9\tex\generic\pgf\utilities\pgfutil-latex.def"
\pgfutil@abb=\box81
("C:\Program Files\MiKTeX 2.9\tex\latex\ms\everyshi.sty"
Package: everyshi 2001/05/15 v3.00 EveryShipout Package (MS)
))
("C:\Program Files\MiKTeX 2.9\tex\generic\pgf\utilities\pgfrcs.code.tex"
Package: pgfrcs 2015/08/07 v3.0.1a (rcs-revision 1.31)
))
Package: pgf 2015/08/07 v3.0.1a (rcs-revision 1.15)

("C:\Program Files\MiKTeX 2.9\tex\latex\pgf\basiclayer\pgfcore.sty"
("C:\Program Files\MiKTeX 2.9\tex\latex\pgf\systemlayer\pgfsys.sty"
("C:\Program Files\MiKTeX 2.9\tex\generic\pgf\systemlayer\pgfsys.code.tex"
Package: pgfsys 2014/07/09 v3.0.1a (rcs-revision 1.48)

("C:\Program Files\MiKTeX 2.9\tex\generic\pgf\utilities\pgfkeys.code.tex"
\pgfkeys@pathtoks=\toks39
\pgfkeys@temptoks=\toks40

("C:\Program Files\MiKTeX 2.9\tex\generic\pgf\utilities\pgfkeysfiltered.code.te
x"
\pgfkeys@tmptoks=\toks41
))
\pgf@x=\dimen256
\pgf@y=\dimen257
\pgf@xa=\dimen258
\pgf@ya=\dimen259
\pgf@xb=\dimen260
\pgf@yb=\dimen261
\pgf@xc=\dimen262
\pgf@yc=\dimen263
\w@pgf@writea=\write4
\r@pgf@reada=\read1
\c@pgf@counta=\count309
\c@pgf@countb=\count310
\c@pgf@countc=\count311
\c@pgf@countd=\count312
\t@pgf@toka=\toks42
\t@pgf@tokb=\toks43
\t@pgf@tokc=\toks44
 ("C:\Program Files\MiKTeX 2.9\tex\generic\pgf\systemlayer\pgf.cfg"
File: pgf.cfg 2008/05/14  (rcs-revision 1.7)
)
Driver file for pgf: pgfsys-pdftex.def

("C:\Program Files\MiKTeX 2.9\tex\generic\pgf\systemlayer\pgfsys-pdftex.def"
File: pgfsys-pdftex.def 2014/10/11  (rcs-revision 1.35)

("C:\Program Files\MiKTeX 2.9\tex\generic\pgf\systemlayer\pgfsys-common-pdf.def
"
File: pgfsys-common-pdf.def 2013/10/10  (rcs-revision 1.13)
)))
("C:\Program Files\MiKTeX 2.9\tex\generic\pgf\systemlayer\pgfsyssoftpath.code.t
ex"
File: pgfsyssoftpath.code.tex 2013/09/09  (rcs-revision 1.9)
\pgfsyssoftpath@smallbuffer@items=\count313
\pgfsyssoftpath@bigbuffer@items=\count314
)
("C:\Program Files\MiKTeX 2.9\tex\generic\pgf\systemlayer\pgfsysprotocol.code.t
ex"
File: pgfsysprotocol.code.tex 2006/10/16  (rcs-revision 1.4)
)) ("C:\Program Files\MiKTeX 2.9\tex\generic\pgf\basiclayer\pgfcore.code.tex"
Package: pgfcore 2010/04/11 v3.0.1a (rcs-revision 1.7)
 ("C:\Program Files\MiKTeX 2.9\tex\generic\pgf\math\pgfmath.code.tex"
("C:\Program Files\MiKTeX 2.9\tex\generic\pgf\math\pgfmathcalc.code.tex"
("C:\Program Files\MiKTeX 2.9\tex\generic\pgf\math\pgfmathutil.code.tex")
("C:\Program Files\MiKTeX 2.9\tex\generic\pgf\math\pgfmathparser.code.tex"
\pgfmath@dimen=\dimen264
\pgfmath@count=\count315
\pgfmath@box=\box82
\pgfmath@toks=\toks45
\pgfmath@stack@operand=\toks46
\pgfmath@stack@operation=\toks47
)
("C:\Program Files\MiKTeX 2.9\tex\generic\pgf\math\pgfmathfunctions.code.tex"
("C:\Program Files\MiKTeX 2.9\tex\generic\pgf\math\pgfmathfunctions.basic.code.
tex")
("C:\Program Files\MiKTeX 2.9\tex\generic\pgf\math\pgfmathfunctions.trigonometr
ic.code.tex")
("C:\Program Files\MiKTeX 2.9\tex\generic\pgf\math\pgfmathfunctions.random.code
.tex")
("C:\Program Files\MiKTeX 2.9\tex\generic\pgf\math\pgfmathfunctions.comparison.
code.tex")
("C:\Program Files\MiKTeX 2.9\tex\generic\pgf\math\pgfmathfunctions.base.code.t
ex")
("C:\Program Files\MiKTeX 2.9\tex\generic\pgf\math\pgfmathfunctions.round.code.
tex")
("C:\Program Files\MiKTeX 2.9\tex\generic\pgf\math\pgfmathfunctions.misc.code.t
ex")
("C:\Program Files\MiKTeX 2.9\tex\generic\pgf\math\pgfmathfunctions.integerarit
hmetics.code.tex")))
("C:\Program Files\MiKTeX 2.9\tex\generic\pgf\math\pgfmathfloat.code.tex"
\c@pgfmathroundto@lastzeros=\count316
))
("C:\Program Files\MiKTeX 2.9\tex\generic\pgf\basiclayer\pgfcorepoints.code.tex
"
File: pgfcorepoints.code.tex 2013/10/07  (rcs-revision 1.27)
\pgf@picminx=\dimen265
\pgf@picmaxx=\dimen266
\pgf@picminy=\dimen267
\pgf@picmaxy=\dimen268
\pgf@pathminx=\dimen269
\pgf@pathmaxx=\dimen270
\pgf@pathminy=\dimen271
\pgf@pathmaxy=\dimen272
\pgf@xx=\dimen273
\pgf@xy=\dimen274
\pgf@yx=\dimen275
\pgf@yy=\dimen276
\pgf@zx=\dimen277
\pgf@zy=\dimen278
)
("C:\Program Files\MiKTeX 2.9\tex\generic\pgf\basiclayer\pgfcorepathconstruct.c
ode.tex"
File: pgfcorepathconstruct.code.tex 2013/10/07  (rcs-revision 1.29)
\pgf@path@lastx=\dimen279
\pgf@path@lasty=\dimen280
)
("C:\Program Files\MiKTeX 2.9\tex\generic\pgf\basiclayer\pgfcorepathusage.code.
tex"
File: pgfcorepathusage.code.tex 2014/11/02  (rcs-revision 1.24)
\pgf@shorten@end@additional=\dimen281
\pgf@shorten@start@additional=\dimen282
)
("C:\Program Files\MiKTeX 2.9\tex\generic\pgf\basiclayer\pgfcorescopes.code.tex
"
File: pgfcorescopes.code.tex 2015/05/08  (rcs-revision 1.46)
\pgfpic=\box83
\pgf@hbox=\box84
\pgf@layerbox@main=\box85
\pgf@picture@serial@count=\count317
)
("C:\Program Files\MiKTeX 2.9\tex\generic\pgf\basiclayer\pgfcoregraphicstate.co
de.tex"
File: pgfcoregraphicstate.code.tex 2014/11/02  (rcs-revision 1.12)
\pgflinewidth=\dimen283
)
("C:\Program Files\MiKTeX 2.9\tex\generic\pgf\basiclayer\pgfcoretransformations
.code.tex"
File: pgfcoretransformations.code.tex 2015/08/07  (rcs-revision 1.20)
\pgf@pt@x=\dimen284
\pgf@pt@y=\dimen285
\pgf@pt@temp=\dimen286
)
("C:\Program Files\MiKTeX 2.9\tex\generic\pgf\basiclayer\pgfcorequick.code.tex"
File: pgfcorequick.code.tex 2008/10/09  (rcs-revision 1.3)
)
("C:\Program Files\MiKTeX 2.9\tex\generic\pgf\basiclayer\pgfcoreobjects.code.te
x"
File: pgfcoreobjects.code.tex 2006/10/11  (rcs-revision 1.2)
)
("C:\Program Files\MiKTeX 2.9\tex\generic\pgf\basiclayer\pgfcorepathprocessing.
code.tex"
File: pgfcorepathprocessing.code.tex 2013/09/09  (rcs-revision 1.9)
)
("C:\Program Files\MiKTeX 2.9\tex\generic\pgf\basiclayer\pgfcorearrows.code.tex
"
File: pgfcorearrows.code.tex 2015/05/14  (rcs-revision 1.43)
\pgfarrowsep=\dimen287
)
("C:\Program Files\MiKTeX 2.9\tex\generic\pgf\basiclayer\pgfcoreshade.code.tex"
File: pgfcoreshade.code.tex 2013/07/15  (rcs-revision 1.15)
\pgf@max=\dimen288
\pgf@sys@shading@range@num=\count318
) ("C:\Program Files\MiKTeX 2.9\tex\generic\pgf\basiclayer\pgfcoreimage.code.te
x"
File: pgfcoreimage.code.tex 2013/07/15  (rcs-revision 1.18)

("C:\Program Files\MiKTeX 2.9\tex\generic\pgf\basiclayer\pgfcoreexternal.code.t
ex"
File: pgfcoreexternal.code.tex 2014/07/09  (rcs-revision 1.21)
\pgfexternal@startupbox=\box86
))
("C:\Program Files\MiKTeX 2.9\tex\generic\pgf\basiclayer\pgfcorelayers.code.tex
"
File: pgfcorelayers.code.tex 2013/07/18  (rcs-revision 1.7)
)
("C:\Program Files\MiKTeX 2.9\tex\generic\pgf\basiclayer\pgfcoretransparency.co
de.tex"
File: pgfcoretransparency.code.tex 2013/09/30  (rcs-revision 1.5)
)
("C:\Program Files\MiKTeX 2.9\tex\generic\pgf\basiclayer\pgfcorepatterns.code.t
ex"
File: pgfcorepatterns.code.tex 2013/11/07  (rcs-revision 1.5)
)))
("C:\Program Files\MiKTeX 2.9\tex\generic\pgf\modules\pgfmoduleshapes.code.tex"
File: pgfmoduleshapes.code.tex 2014/03/21  (rcs-revision 1.35)
\pgfnodeparttextbox=\box87
) ("C:\Program Files\MiKTeX 2.9\tex\generic\pgf\modules\pgfmoduleplot.code.tex"
File: pgfmoduleplot.code.tex 2015/08/03  (rcs-revision 1.13)
)
("C:\Program Files\MiKTeX 2.9\tex\latex\pgf\compatibility\pgfcomp-version-0-65.
sty"
Package: pgfcomp-version-0-65 2007/07/03 v3.0.1a (rcs-revision 1.7)
\pgf@nodesepstart=\dimen289
\pgf@nodesepend=\dimen290
)
("C:\Program Files\MiKTeX 2.9\tex\latex\pgf\compatibility\pgfcomp-version-1-18.
sty"
Package: pgfcomp-version-1-18 2007/07/23 v3.0.1a (rcs-revision 1.1)
)) ("C:\Program Files\MiKTeX 2.9\tex\latex\pgf\utilities\pgffor.sty"
("C:\Program Files\MiKTeX 2.9\tex\latex\pgf\utilities\pgfkeys.sty"
("C:\Program Files\MiKTeX 2.9\tex\generic\pgf\utilities\pgfkeys.code.tex"))
("C:\Program Files\MiKTeX 2.9\tex\latex\pgf\math\pgfmath.sty"
("C:\Program Files\MiKTeX 2.9\tex\generic\pgf\math\pgfmath.code.tex"))
("C:\Program Files\MiKTeX 2.9\tex\generic\pgf\utilities\pgffor.code.tex"
Package: pgffor 2013/12/13 v3.0.1a (rcs-revision 1.25)

("C:\Program Files\MiKTeX 2.9\tex\generic\pgf\math\pgfmath.code.tex")
\pgffor@iter=\dimen291
\pgffor@skip=\dimen292
\pgffor@stack=\toks48
\pgffor@toks=\toks49
))
("C:\Program Files\MiKTeX 2.9\tex\generic\pgf\frontendlayer\tikz\tikz.code.tex"
Package: tikz 2015/08/07 v3.0.1a (rcs-revision 1.151)

("C:\Program Files\MiKTeX 2.9\tex\generic\pgf\libraries\pgflibraryplothandlers.
code.tex"
File: pgflibraryplothandlers.code.tex 2013/08/31 v3.0.1a (rcs-revision 1.20)
\pgf@plot@mark@count=\count319
\pgfplotmarksize=\dimen293
)
\tikz@lastx=\dimen294
\tikz@lasty=\dimen295
\tikz@lastxsaved=\dimen296
\tikz@lastysaved=\dimen297
\tikzleveldistance=\dimen298
\tikzsiblingdistance=\dimen299
\tikz@figbox=\box88
\tikz@figbox@bg=\box89
\tikz@tempbox=\box90
\tikz@tempbox@bg=\box91
\tikztreelevel=\count320
\tikznumberofchildren=\count321
\tikznumberofcurrentchild=\count322
\tikz@fig@count=\count323

("C:\Program Files\MiKTeX 2.9\tex\generic\pgf\modules\pgfmodulematrix.code.tex"
File: pgfmodulematrix.code.tex 2013/09/17  (rcs-revision 1.8)
\pgfmatrixcurrentrow=\count324
\pgfmatrixcurrentcolumn=\count325
\pgf@matrix@numberofcolumns=\count326
)
\tikz@expandcount=\count327

("C:\Program Files\MiKTeX 2.9\tex\generic\pgf\frontendlayer\tikz\libraries\tikz
librarytopaths.code.tex"
File: tikzlibrarytopaths.code.tex 2008/06/17 v3.0.1a (rcs-revision 1.2)
)))
("C:\Program Files\MiKTeX 2.9\tex\generic\pgf\frontendlayer\tikz\libraries\tikz
librarypositioning.code.tex"
File: tikzlibrarypositioning.code.tex 2008/10/06 v3.0.1a (rcs-revision 1.7)
)
\c@@todonotes@numberoftodonotes=\count328
)
("C:\Program Files\MiKTeX 2.9\tex\latex\natbib\natbib.sty"
Package: natbib 2010/09/13 8.31b (PWD, AO)
\bibhang=\skip75
\bibsep=\skip76
LaTeX Info: Redefining \cite on input line 694.
\c@NAT@ctr=\count329
)
("C:\Program Files\MiKTeX 2.9\tex\latex\sttools\cuted.sty"
Package: cuted 2012/10/04 v1.5 Mixing onecolumn and twocolumn modes
\At@ViperColsBreak=\toks50
\v@aaa=\box92
\v@ccc=\box93
\lastskip@a=\skip77
\lastskip@b=\skip78
\lastskip@d=\skip79
\lastbox@a=\box94
\stripsep=\skip80
\@viper=\box95
\viper@penalty=\count330
\hold@viper=\box96
\ht@viper=\dimen300
)
\c@claim-subsection=\count331
\c@claim-section=\count332
\c@claim-num=\count333
\c@observation=\count334
\c@cor=\count335
\c@obs=\count336
\c@prop=\count337
\c@fact=\count338
\c@invariant=\count339
\c@ru=\count340
 (AdaptiveMutex.aux)
\openout1 = `AdaptiveMutex.aux'.

LaTeX Font Info:    Checking defaults for OML/cmm/m/it on input line 71.
LaTeX Font Info:    ... okay on input line 71.
LaTeX Font Info:    Checking defaults for T1/cmr/m/n on input line 71.
LaTeX Font Info:    ... okay on input line 71.
LaTeX Font Info:    Checking defaults for OT1/cmr/m/n on input line 71.
LaTeX Font Info:    ... okay on input line 71.
LaTeX Font Info:    Checking defaults for OMS/cmsy/m/n on input line 71.
LaTeX Font Info:    ... okay on input line 71.
LaTeX Font Info:    Checking defaults for OMX/cmex/m/n on input line 71.
LaTeX Font Info:    ... okay on input line 71.
LaTeX Font Info:    Checking defaults for U/cmr/m/n on input line 71.
LaTeX Font Info:    ... okay on input line 71.
Unknown journal: specify \journalname{<name of your journal>} in preambel

("C:\Program Files\MiKTeX 2.9\tex\context\base\supp-pdf.mkii"
[Loading MPS to PDF converter (version 2006.09.02).]
\scratchcounter=\count341
\scratchdimen=\dimen301
\scratchbox=\box97
\nofMPsegments=\count342
\nofMParguments=\count343
\everyMPshowfont=\toks51
\MPscratchCnt=\count344
\MPscratchDim=\dimen302
\MPnumerator=\count345
\makeMPintoPDFobject=\count346
\everyMPtoPDFconversion=\toks52
) ("C:\Program Files\MiKTeX 2.9\tex\generic\oberdiek\pdftexcmds.sty"
Package: pdftexcmds 2016/05/21 v0.22 Utility functions of pdfTeX for LuaTeX (HO
)

("C:\Program Files\MiKTeX 2.9\tex\generic\oberdiek\ifluatex.sty"
Package: ifluatex 2016/05/16 v1.4 Provides the ifluatex switch (HO)
Package ifluatex Info: LuaTeX not detected.
)
("C:\Program Files\MiKTeX 2.9\tex\generic\oberdiek\ifpdf.sty"
Package: ifpdf 2016/05/14 v3.1 Provides the ifpdf switch
)
Package pdftexcmds Info: LuaTeX not detected.
Package pdftexcmds Info: \pdf@primitive is available.
Package pdftexcmds Info: \pdf@ifprimitive is available.
Package pdftexcmds Info: \pdfdraftmode found.
)
("C:\Program Files\MiKTeX 2.9\tex\latex\oberdiek\epstopdf-base.sty"
Package: epstopdf-base 2016/05/15 v2.6 Base part for package epstopdf

("C:\Program Files\MiKTeX 2.9\tex\latex\oberdiek\grfext.sty"
Package: grfext 2016/05/16 v1.2 Manage graphics extensions (HO)

("C:\Program Files\MiKTeX 2.9\tex\generic\oberdiek\kvdefinekeys.sty"
Package: kvdefinekeys 2016/05/16 v1.4 Define keys (HO)
))
("C:\Program Files\MiKTeX 2.9\tex\latex\oberdiek\kvoptions.sty"
Package: kvoptions 2016/05/16 v3.12 Key value format for package options (HO)

("C:\Program Files\MiKTeX 2.9\tex\generic\oberdiek\kvsetkeys.sty"
Package: kvsetkeys 2016/05/16 v1.17 Key value parser (HO)

("C:\Program Files\MiKTeX 2.9\tex\generic\oberdiek\etexcmds.sty"
Package: etexcmds 2016/05/16 v1.6 Avoid name clashes with e-TeX commands (HO)
Package etexcmds Info: Could not find \expanded.
(etexcmds)             That can mean that you are not using pdfTeX 1.50 or
(etexcmds)             that some package has redefined \expanded.
(etexcmds)             In the latter case, load this package earlier.
)))
Package epstopdf-base Info: Redefining graphics rule for `.eps' on input line 4
38.
Package grfext Info: Graphics extension search list:
(grfext)             [.png,.pdf,.jpg,.mps,.jpeg,.jbig2,.jb2,.PNG,.PDF,.JPG,.JPE
G,.JBIG2,.JB2,.eps]
(grfext)             \AppendGraphicsExtensions on input line 456.
)
Package caption Info: Begin \AtBeginDocument code.
Package caption Info: Incompatible package detected (regarding \@caption).
(caption)             \@caption = \long macro:#1[#2]#3->\par \addcontentsline {
\csname ext@#1\endcsname }{#1}{\protect \numberline {\csname the#1\endcsname }{
\ignorespaces #2}}\begingroup \@parboxrestore \@makecaption {\csname fnum@#1\en
dcsname }{\ignorespaces #3}\par \endgroup .


Package caption Warning: \caption will not be redefined since it's already
(caption)                redefined by a document class or package which is
(caption)                unknown to the caption package.
See the caption package documentation for explanation.

Package caption Info: End \AtBeginDocument code.
ABD: EveryShipout initializing macros (Title.tex
SVJour3 warning: Missing \journalname
SVJour3 warning: Missing \date

LaTeX Font Warning: Font shape `OT1/cmr/bx/n' in size <16> not available
(Font)              size <17.28> substituted on input line 25.

LaTeX Font Info:    Try loading font information for U+msa on input line 25.
("C:\Program Files\MiKTeX 2.9\tex\latex\amsfonts\umsa.fd"
File: umsa.fd 2013/01/14 v3.01 AMS symbols A
)
LaTeX Font Info:    Try loading font information for U+msb on input line 25.

("C:\Program Files\MiKTeX 2.9\tex\latex\amsfonts\umsb.fd"
File: umsb.fd 2013/01/14 v3.01 AMS symbols B
)
LaTeX Font Info:    Calculating math sizes for size <8.5> on input line 25.


LaTeX Font Warning: Font shape `OML/cmm/m/it' in size <8.5> not available
(Font)              size <8> substituted on input line 25.


LaTeX Font Warning: Font shape `OML/cmm/m/it' in size <4.25> not available
(Font)              size <5> substituted on input line 25.


LaTeX Font Warning: Font shape `OMS/cmsy/m/n' in size <8.5> not available
(Font)              size <8> substituted on input line 25.


LaTeX Font Warning: Font shape `OMS/cmsy/m/n' in size <4.25> not available
(Font)              size <5> substituted on input line 25.


Underfull \hbox (badness 1484) in paragraph at lines 29--31
[]\OT1/cmr/m/it/10 Mutual ex-clu-sion \OT1/cmr/m/n/10 is a fun-da-men-tal dis-
 []


Underfull \vbox (badness 1137) has occurred while \output is active []

)
(Introduction.tex [1{C:/Users/bboha/AppData/Local/MiKTeX/2.9/pdftex/config/pdft
ex.map}


]
Underfull \hbox (badness 1215) in paragraph at lines 47--51
\OT1/cmr/m/n/10 as \OT1/cmr/m/it/10 compare-and-swap \OT1/cmr/m/n/10 (CAS), in 
ad-di-tion to reads
 []

) (Definitions&Model.tex
Underfull \vbox (badness 2547) has occurred while \output is active []

 [2]
Missing character: There is no ‚ in font cmr10!
Missing character: There is no Ä in font cmr10!
Missing character: There is no ú in font cmr10!
Missing character: There is no ‚ in font cmr10!
Missing character: There is no Ä in font cmr10!
Missing character: There is no ù in font cmr10!
Missing character: There is no ‚ in font cmr10!
Missing character: There is no Ä in font cmr10!
Missing character: There is no ú in font cmr10!
Missing character: There is no ‚ in font cmr10!
Missing character: There is no Ä in font cmr10!
Missing character: There is no ù in font cmr10!
Missing character: There is no Ô in font cmr10!
Missing character: There is no ¨ in font cmr10!
Missing character: There is no Å in font cmr10!
Missing character: There is no Ô in font cmr10!
Missing character: There is no ¨ in font cmr10!
Missing character: There is no Å in font cmr10!

Underfull \vbox (badness 1052) has occurred while \output is active []

 [3]
[4] Excluding 'comment' comment. [5] Excluding 'comment' comment.)
(ProofOverview.tex <ConstructionScheme3.pdf, id=32, 963.6pt x 335.81459pt>
File: ConstructionScheme3.pdf Graphic file (type pdf)

<use ConstructionScheme3.pdf>
Package pdftex.def Info: ConstructionScheme3.pdf used on input line 45.
(pdftex.def)             Requested size: 529.98164pt x 184.6986pt.

Overfull \hbox (34.98164pt too wide) in paragraph at lines 45--46
 [] 
 []

[6]

LaTeX Warning: Reference `write-phase-lemma' on page 7 undefined on input line 
68.

[7 <./ConstructionScheme3.pdf>]

LaTeX Warning: Reference `regularization-phase-lemma' on page 8 undefined on in
put line 93.


Underfull \hbox (badness 10000) in paragraph at lines 93--94
[]\OT1/cmr/m/n/10 Starting with $\OML/cmm/m/it/10 L[]$\OT1/cmr/m/n/10 , we con-
struct ex-e-cu-tions
 []


Underfull \hbox (badness 2521) in paragraph at lines 93--94
\OML/cmm/m/it/10 L[]; L[]; [] ; L[]; H[]$\OT1/cmr/m/n/10 . We prove that each o
f the
 []


LaTeX Warning: Reference `claim:subsection' on page 8 undefined on input line 1
05.


LaTeX Warning: Reference `claim: W_k-is-an-IN-set' on page 8 undefined on input
 line 107.


LaTeX Warning: Reference `claim: regularization-upper-bound' on page 8 undefine
d on input line 107.

Excluding 'comment' comment. Excluding 'comment' comment.
Underfull \hbox (badness 3769) in paragraph at lines 131--132
[]\OT1/cmr/m/n/10 We then show (in Sec-tion 5[]) that a weak
 []

Excluding 'comment' comment. [8]
Underfull \hbox (badness 2050) in paragraph at lines 175--176
[]\OT1/cmr/m/n/10 It fol-lows that the in-equal-ity holds for $\OML/cmm/m/it/10
 i \OT1/cmr/m/n/10 =
 []


Underfull \hbox (badness 2990) in paragraph at lines 186--187
[]$ \OT1/cmr/m/n/10 holds, thus there ex-ists an ex-e-cu-
 []


Underfull \hbox (badness 3088) in paragraph at lines 186--187
\OT1/cmr/m/n/10 tion $\OML/cmm/m/it/10 E$ \OT1/cmr/m/n/10 and a pro-cess $\OML/
cmm/m/it/10 p$ \OT1/cmr/m/n/10 such that $\OML/cmm/m/it/10 p$ \OT1/cmr/m/n/10 e
x-e-cutes
 []


Underfull \hbox (badness 1748) in paragraph at lines 186--187
\OML/cmm/m/it/10 i \OT1/cmr/m/n/10 = 
([] [] [] \OML/cmm/m/it/10 N\OT1/cmr/m/n/10 )$ fences dur-ing a sin-gle pas-
 []


Underfull \hbox (badness 2050) in paragraph at lines 204--205
[]\OT1/cmr/m/n/10 It fol-lows that the in-equal-ity holds for $\OML/cmm/m/it/10
 i \OT1/cmr/m/n/10 =
 []

) (FullProof.tex [9] [10] [11]
Underfull \hbox (badness 10000) in paragraph at lines 199--200
[]$\OML/cmm/m/it/10 F$ \OT1/cmr/m/n/10 con-tains no tran-si-tion events, there-
fore
 []

[12]
Underfull \hbox (badness 1348) in paragraph at lines 235--236
\OT1/cmr/m/n/10 the last event by $\OML/cmm/m/it/10 p$ \OT1/cmr/m/n/10 in $\OML
/cmm/m/it/10 J[]$ \OT1/cmr/m/n/10 is Be-gin-Fence, i.e.
 []

[13] [14]
Overfull \hbox (11.58931pt too wide) detected at line 366
\OMS/cmsy/m/n/10 j\OML/cmm/m/it/10 P[]\OMS/cmsy/m/n/10 j []  []  []
 []

[15]
Underfull \hbox (badness 1028) in paragraph at lines 405--406
\OML/cmm/m/it/10 entry$\OT1/cmr/m/n/10 . In ad-di-tion, $\OML/cmm/m/it/10 D$ \O
T1/cmr/m/n/10 con-tains only write events,
 []


Underfull \hbox (badness 1377) in paragraph at lines 405--406
\OT1/cmr/m/n/10 there-fore no pro-cess change its sta-tus in $\OML/cmm/m/it/10 
D$ \OT1/cmr/m/n/10 and
 []


Underfull \hbox (badness 2556) in paragraph at lines 407--409
[]\OT1/cmr/m/n/10 IN3: con-sider $\OML/cmm/m/it/10 Y \OMS/cmsy/m/n/10  \OML/cm
m/m/it/10 W[]$\OT1/cmr/m/n/10 , and con-sider $\OML/cmm/m/it/10 e \OMS/cmsy/m/n
/10 2
 []


Underfull \hbox (badness 4193) in paragraph at lines 412--415
[]\OT1/cmr/m/n/10 IN5: Let $\OML/cmm/m/it/10 v$ \OT1/cmr/m/n/10 be a vari-able 
such that $\OML/cmm/m/it/10 p \OT1/cmr/m/n/10 =
 []

[16]
Underfull \hbox (badness 1337) in paragraph at lines 462--463
[]\OT1/cmr/bx/n/10 Claim 4.3.1. []\OT1/cmr/m/it/10 For any vari-able $\OML/cmm/
m/it/10 v$ \OT1/cmr/m/it/10 ac-cessed in $\OML/cmm/m/it/10 $\OT1/cmr/m/it/10 :

 []


Underfull \hbox (badness 1286) in paragraph at lines 466--468
[]\OT1/cmr/m/n/10 Assume to-wards a con-tra-dic-tion there is a
 []

[17]
Underfull \hbox (badness 6380) in paragraph at lines 484--485
\OML/cmm/m/it/10 entry$\OT1/cmr/m/n/10 . Since $\OML/cmm/m/it/10 p$ \OT1/cmr/m/
n/10 takes no steps in $\OML/cmm/m/it/10 $ \OT1/cmr/m/n/10 we get
 []


Underfull \hbox (badness 10000) in paragraph at lines 491--492
[]\OT1/cmr/m/n/10 IN5: Con-sider some $\OML/cmm/m/it/10 v$ \OT1/cmr/m/n/10 such
 that $\OML/cmm/m/it/10 q \OT1/cmr/m/n/10 =
 []


Underfull \hbox (badness 2310) in paragraph at lines 491--492
\OML/cmm/m/it/10 writer\OT1/cmr/m/n/10 (\OML/cmm/m/it/10 v; H[]\OT1/cmr/m/n/10 
) \OMS/cmsy/m/n/10 2 \OML/cmm/m/it/10 Q[]$\OT1/cmr/m/n/10 . No pro-cess in $\OM
L/cmm/m/it/10 Q[]$ \OT1/cmr/m/n/10 take
 []

[18]
Underfull \hbox (badness 3514) in paragraph at lines 529--530
[]\OT1/cmr/m/it/10 Let $\OML/cmm/m/it/10 i \OMS/cmsy/m/n/10 2 \U/msb/m/n/10 N$ 
\OT1/cmr/m/it/10 be such that $\OML/cmm/m/it/10 f\OT1/cmr/m/n/10 (\OML/cmm/m/it
/10 i\OT1/cmr/m/n/10 ) \OMS/cmsy/m/n/10 
 []


LaTeX Warning: Reference `write-phase-lemma' on page 19 undefined on input line
 565.


LaTeX Warning: Reference `regularization-phase-lemma' on page 19 undefined on i
nput line 581.


LaTeX Warning: Reference `claim: regularization-upper-bound' on page 19 undefin
ed on input line 592.

[19]
Underfull \hbox (badness 3826) in paragraph at lines 616--617
[]\OT1/cmr/m/it/10 Let $\OMS/cmsy/m/n/10 A$ \OT1/cmr/m/it/10 be an $\OML/cmm/m/
it/10 N$\OT1/cmr/m/it/10 -process
 []

) (AdditionalObjects.tex

Package paralist Warning: Incorrect label; no or multiple counters.
(paralist)                The label is: \textbf {Shared Data:} on input line 31
.


LaTeX Font Warning: Font shape `OT1/cmr/bx/n' in size <8.5> not available
(Font)              size <8> substituted on input line 32.


LaTeX Font Warning: Font shape `OT1/cmr/bx/n' in size <4.25> not available
(Font)              size <5> substituted on input line 33.


LaTeX Font Warning: Font shape `OT1/cmr/m/it' in size <8.5> not available
(Font)              size <8> substituted on input line 33.


LaTeX Font Warning: Font shape `OT1/cmr/m/it' in size <4.25> not available
(Font)              size <5> substituted on input line 33.


Underfull \hbox (badness 10000) in paragraph at lines 33--34
[]$\OML/cmm/m/it/8 release\OT1/cmr/m/n/8.5 [\OML/cmm/m/it/8 N\OT1/cmr/m/n/8.5 ]
$: a boolean ar-ray, ini-tially
 []

[20] Excluding 'comment' comment.) (Discussion.tex
Underfull \hbox (badness 1038) in paragraph at lines 6--7
\OT1/cmr/m/n/10 coherent (CC) and the dis-tributed shared-memory
 []

) [21] (AdaptiveMutex.bbl
Underfull \hbox (badness 2302) in paragraph at lines 12--14
\OT1/cmr/m/n/10 ory con-sis-tency mod-els: A tu-to-rial. com-puter
 []


Underfull \hbox (badness 1430) in paragraph at lines 16--20
\OT1/cmr/m/n/10 since 1986. Dis-tributed Com-put-ing 16(2-3):75--
 []


Underfull \hbox (badness 10000) in paragraph at lines 16--20
\OT1/cmr/m/n/10 110, DOI 10.1007/s00446-003-0088-6, URL
 []


Underfull \hbox (badness 1033) in paragraph at lines 38--43
\OT1/cmr/m/n/10 barriers op-ti-mal RMRs mu-tual ex-clu-sion al-go-
 []


Underfull \hbox (badness 1043) in paragraph at lines 38--43
\OT1/cmr/m/n/10 '13, Mon-treal, QC, Canada, July 22-24, 2013,
 []


Underfull \hbox (badness 2961) in paragraph at lines 52--57
[]\OT1/cmr/m/n/10 Ben-Baruch O, Hendler D (2015) The price
 []


Underfull \hbox (badness 8189) in paragraph at lines 52--57
\OT1/cmr/m/n/10 of be-ing adap-tive. In: Pro-ceed-ings of the
 []


Underfull \hbox (badness 2111) in paragraph at lines 52--57
\OT1/cmr/m/n/10 2015 ACM Sym-po-sium on Prin-ci-ples of Dis-
 []


Underfull \hbox (badness 6094) in paragraph at lines 52--57
\OT1/cmr/m/n/10 tributed Com-put-ing, PODC 2015, Donostia-
 []


Underfull \hbox (badness 4779) in paragraph at lines 52--57
\OT1/cmr/m/n/10 San Se-bastian, Spain, July 21 - 23, 2015,
 []

LaTeX Font Info:    Try loading font information for OMS+cmr on input line 62.
("C:\Program Files\MiKTeX 2.9\tex\latex\base\omscmr.fd"
File: omscmr.fd 2014/09/29 v2.5h Standard LaTeX font definitions
)
LaTeX Font Info:    Font shape `OMS/cmr/m/n' in size <7> not available
(Font)              Font shape `OMS/cmsy/m/n' tried instead on input line 62.

Underfull \vbox (badness 10000) has occurred while \output is active []

 [22]
Underfull \hbox (badness 2343) in paragraph at lines 79--83
\OT1/cmr/m/n/10 and write op-er-a-tions. In: Pro-ceed-ings of the
 []


Underfull \hbox (badness 7759) in paragraph at lines 95--99
[]\OT1/cmr/m/n/10 Herlihy M, Luchangco V, Moir M (2003)
 []


Underfull \hbox (badness 4608) in paragraph at lines 95--99
\OT1/cmr/m/n/10 Obstruction-free syn-chro-niza-tion: Double-ended
 []


Underfull \hbox (badness 10000) in paragraph at lines 101--104
\OT1/cmr/m/n/10 mu-tual ex-clu-sion. In: PODC, ACM Press,
 []


Underfull \hbox (badness 6125) in paragraph at lines 101--104
\OT1/cmr/m/n/10 New York, NY, USA, pp 295--304, DOI 
 []


Underfull \hbox (badness 1412) in paragraph at lines 111--114
\OT1/cmr/m/n/10 put-ing 19(3):197--236, DOI 10.1007/s00446-006-
 []


Underfull \hbox (badness 4913) in paragraph at lines 111--114
\OT1/cmr/m/n/10 0009-6, URL http://dx.doi.org/10.1007/s00446-
 []


Underfull \hbox (badness 3657) in paragraph at lines 116--120
[]\OT1/cmr/m/n/10 Kim Y, An-der-son JH (2012) A time com-
 []


Underfull \hbox (badness 10000) in paragraph at lines 116--120
\OT1/cmr/m/n/10 plex-ity lower bound for adap-tive mu-tual
 []


Underfull \hbox (badness 10000) in paragraph at lines 116--120
\OT1/cmr/m/n/10 ex-clu-sion. Dis-tributed Com-put-ing 24(6):271--
 []


Underfull \hbox (badness 10000) in paragraph at lines 116--120
\OT1/cmr/m/n/10 297, DOI 10.1007/s00446-011-0152-6, URL
 []


Underfull \hbox (badness 10000) in paragraph at lines 134--137
[]\OT1/cmr/m/n/10 Park S, Dill DL (1999) An ex-e-cutable
 []


Underfull \hbox (badness 10000) in paragraph at lines 134--137
\OT1/cmr/m/n/10 spec-i-fi-ca-tion and ver-i-fier for re-laxed
 []


Underfull \hbox (badness 10000) in paragraph at lines 134--137
\OT1/cmr/m/n/10 mem-ory or-der. IEEE Trans Com-put-ers
 []


Underfull \hbox (badness 10000) in paragraph at lines 134--137
\OT1/cmr/m/n/10 48(2):227--235, DOI 10.1109/12.752664, URL
 []


Overfull \hbox (14.75867pt too wide) in paragraph at lines 134--137
\OT1/cmr/m/n/10 http://doi.ieeecomputersociety.org/10.1109/12.752664 
 []


Underfull \vbox (badness 10000) has occurred while \output is active []

) [23]
(Appendix.tex
Underfull \hbox (badness 1102) in paragraph at lines 53--54
[]\OT1/cmr/m/n/10 IN1: For any $\OML/cmm/m/it/10 p[] [] p$ \OT1/cmr/m/n/10 we h
ave $\OML/cmm/m/it/10 AW\OT1/cmr/m/n/10 (\OML/cmm/m/it/10 p[]; F\OT1/cmr/m/n/10
 ) =
 []


Underfull \hbox (badness 1939) in paragraph at lines 53--54
\OML/cmm/m/it/10 AW\OT1/cmr/m/n/10 (\OML/cmm/m/it/10 p[]; E\OT1/cmr/m/n/10 )$, 
thus IN1 holds for $\OML/cmm/m/it/10 p[]$ \OT1/cmr/m/n/10 in $\OML/cmm/m/it/10 
F$\OT1/cmr/m/n/10 . De-note
 []


Underfull \hbox (badness 1067) in paragraph at lines 53--54
\OML/cmm/m/it/10 q \OT1/cmr/m/n/10 = \OML/cmm/m/it/10 writer\OT1/cmr/m/n/10 (\O
ML/cmm/m/it/10 v; E\OT1/cmr/m/n/10 )$, then $\OML/cmm/m/it/10 q [] INV$ \OT1/cm
r/m/n/10 and, by IN1
 []

[24] [25]
Underfull \hbox (badness 1122) in paragraph at lines 130--131
[]\OT1/cmr/m/n/10 We re-moved the events of $\OML/cmm/m/it/10 p \OMS/cmsy/m/n/1
0 2 \OML/cmm/m/it/10 Act\OT1/cmr/m/n/10 (\OML/cmm/m/it/10 E\OT1/cmr/m/n/10 )$, 
thus
 []


Underfull \hbox (badness 1325) in paragraph at lines 143--144
\OT1/cmr/m/n/10 we get $\OMS/cmsy/m/n/10 j\OML/cmm/m/it/10 Accessed\OT1/cmr/m/n
/10 (\OML/cmm/m/it/10 v; E\OT1/cmr/m/n/10 ) \OMS/cmsy/m/n/10 \ \OML/cmm/m/it/10
 Act\OT1/cmr/m/n/10 (\OML/cmm/m/it/10 E\OT1/cmr/m/n/10 )\OMS/cmsy/m/n/10 j\OML/
cmm/m/it/10 > \OT1/cmr/m/n/10 1$, and by
 []


Underfull \hbox (badness 1132) in paragraph at lines 143--144
\OT1/cmr/m/n/10 IN5 ap-plied to $\OML/cmm/m/it/10 E$\OT1/cmr/m/n/10 , $\OML/cmm
/m/it/10 writer\OT1/cmr/m/n/10 (\OML/cmm/m/it/10 v; E\OT1/cmr/m/n/10 ) [] \OML/
cmm/m/it/10 INV$\OT1/cmr/m/n/10 . The
 []


Underfull \hbox (badness 1337) in paragraph at lines 143--144
\OT1/cmr/m/n/10 only events re-moved are by $\OML/cmm/m/it/10 p \OMS/cmsy/m/n/1
0 2 \OML/cmm/m/it/10 INV$\OT1/cmr/m/n/10 , thus
 []

[26]) [27] (AdaptiveMutex.aux)

LaTeX Font Warning: Size substitutions with differences
(Font)              up to 1.28pt have occurred.


LaTeX Warning: There were undefined references.

 ) 
Here is how much of TeX's memory you used:
 24174 strings out of 493333
 464502 string characters out of 3139194
 497067 words of memory out of 3000000
 27328 multiletter control sequences out of 15000+200000
 541706 words of font info for 64 fonts, out of 3000000 for 9000
 1141 hyphenation exceptions out of 8191
 62i,15n,76p,10386b,505s stack positions out of 5000i,500n,10000p,200000b,50000s
<C:/Program Files/MiKTeX 2.9/fonts/type1/public/amsfonts/cm/cmbsy10.pfb><C:/P
rogram Files/MiKTeX 2.9/fonts/type1/public/amsfonts/cm/cmbx10.pfb><C:/Program F
iles/MiKTeX 2.9/fonts/type1/public/amsfonts/cm/cmbx12.pfb><C:/Program Files/MiK
TeX 2.9/fonts/type1/public/amsfonts/cm/cmbx7.pfb><C:/Program Files/MiKTeX 2.9/f
onts/type1/public/amsfonts/cm/cmbx8.pfb><C:/Program Files/MiKTeX 2.9/fonts/type
1/public/amsfonts/cm/cmex10.pfb><C:/Program Files/MiKTeX 2.9/fonts/type1/public
/amsfonts/cm/cmmi10.pfb><C:/Program Files/MiKTeX 2.9/fonts/type1/public/amsfont
s/cm/cmmi5.pfb><C:/Program Files/MiKTeX 2.9/fonts/type1/public/amsfonts/cm/cmmi
7.pfb><C:/Program Files/MiKTeX 2.9/fonts/type1/public/amsfonts/cm/cmmi8.pfb><C:
/Program Files/MiKTeX 2.9/fonts/type1/public/amsfonts/cm/cmr10.pfb><C:/Program 
Files/MiKTeX 2.9/fonts/type1/public/amsfonts/cm/cmr5.pfb><C:/Program Files/MiKT
eX 2.9/fonts/type1/public/amsfonts/cm/cmr7.pfb><C:/Program Files/MiKTeX 2.9/fon
ts/type1/public/amsfonts/cm/cmr8.pfb><C:/Program Files/MiKTeX 2.9/fonts/type1/p
ublic/amsfonts/cm/cmsy10.pfb><C:/Program Files/MiKTeX 2.9/fonts/type1/public/am
sfonts/cm/cmsy5.pfb><C:/Program Files/MiKTeX 2.9/fonts/type1/public/amsfonts/cm
/cmsy7.pfb><C:/Program Files/MiKTeX 2.9/fonts/type1/public/amsfonts/cm/cmsy8.pf
b><C:/Program Files/MiKTeX 2.9/fonts/type1/public/amsfonts/cm/cmti10.pfb><C:/Pr
ogram Files/MiKTeX 2.9/fonts/type1/public/amsfonts/symbols/msbm10.pfb>
Output written on AdaptiveMutex.pdf (27 pages, 664476 bytes).
PDF statistics:
 202 PDF objects out of 1000 (max. 8388607)
 0 named destinations out of 1000 (max. 500000)
 18 words of extra memory for PDF output out of 10000 (max. 10000000)

